# JRE version: Java(TM) SE Runtime Environment (8.0_311-b11) (build 1.8.0_311-b11)
# Java VM: Java HotSpot(TM) 64-Bit Server VM (25.311-b11 mixed mode windows-amd64 compressed oops)
Heap:
 PSYoungGen      total 224256K, used 140878K [0x000000076b980000, 0x000000077c300000, 0x00000007c0000000)
  eden space 219648K, 64% used [0x000000076b980000,0x00000007743139c8,0x0000000779000000)
  from space 4608K, 0% used [0x000000077be80000,0x000000077be80000,0x000000077c300000)
  to   space 7168K, 0% used [0x000000077b500000,0x000000077b500000,0x000000077bc00000)
 ParOldGen       total 89600K, used 16474K [0x00000006c2c00000, 0x00000006c8380000, 0x000000076b980000)
  object space 89600K, 18% used [0x00000006c2c00000,0x00000006c3c16b60,0x00000006c8380000)
 Metaspace       used 36811K, capacity 38840K, committed 39168K, reserved 1083392K
  class space    used 4423K, capacity 4817K, committed 4864K, reserved 1048576K
GC Heap History (10 events):
Event: 2.913 GC heap before
{Heap before GC invocations=6 (full 1):
 PSYoungGen      total 140800K, used 6282K [0x000000076b980000, 0x000000077c580000, 0x00000007c0000000)
  eden space 130048K, 0% used [0x000000076b980000,0x000000076b980000,0x0000000773880000)
  from space 10752K, 58% used [0x0000000773880000,0x0000000773ea2880,0x0000000774300000)
  to   space 7168K, 0% used [0x000000077be80000,0x000000077be80000,0x000000077c580000)
 ParOldGen       total 173568K, used 64K [0x00000006c2c00000, 0x00000006cd580000, 0x000000076b980000)
  object space 173568K, 0% used [0x00000006c2c00000,0x00000006c2c10000,0x00000006cd580000)
 Metaspace       used 19775K, capacity 21110K, committed 21296K, reserved 1069056K
  class space    used 2321K, capacity 2581K, committed 2688K, reserved 1048576K
Event: 2.934 GC heap after
Heap after GC invocations=6 (full 1):
 PSYoungGen      total 140800K, used 0K [0x000000076b980000, 0x000000077c580000, 0x00000007c0000000)
  eden space 130048K, 0% used [0x000000076b980000,0x000000076b980000,0x0000000773880000)
  from space 10752K, 0% used [0x0000000773880000,0x0000000773880000,0x0000000774300000)
  to   space 7168K, 0% used [0x000000077be80000,0x000000077be80000,0x000000077c580000)
 ParOldGen       total 89600K, used 6074K [0x00000006c2c00000, 0x00000006c8380000, 0x000000076b980000)
  object space 89600K, 6% used [0x00000006c2c00000,0x00000006c31eeb20,0x00000006c8380000)
 Metaspace       used 19775K, capacity 21110K, committed 21296K, reserved 1069056K
  class space    used 2321K, capacity 2581K, committed 2688K, reserved 1048576K
}
Event: 3.375 GC heap before
{Heap before GC invocations=7 (full 1):
 PSYoungGen      total 140800K, used 130048K [0x000000076b980000, 0x000000077c580000, 0x00000007c0000000)
  eden space 130048K, 100% used [0x000000076b980000,0x0000000773880000,0x0000000773880000)
  from space 10752K, 0% used [0x0000000773880000,0x0000000773880000,0x0000000774300000)
  to   space 7168K, 0% used [0x000000077be80000,0x000000077be80000,0x000000077c580000)
 ParOldGen       total 89600K, used 6074K [0x00000006c2c00000, 0x00000006c8380000, 0x000000076b980000)
  object space 89600K, 6% used [0x00000006c2c00000,0x00000006c31eeb20,0x00000006c8380000)
 Metaspace       used 24306K, capacity 25970K, committed 26112K, reserved 1073152K
  class space    used 2929K, capacity 3246K, committed 3328K, reserved 1048576K
Event: 3.379 GC heap after
Heap after GC invocations=7 (full 1):
 PSYoungGen      total 224256K, used 4590K [0x000000076b980000, 0x000000077c300000, 0x00000007c0000000)
  eden space 219648K, 0% used [0x000000076b980000,0x000000076b980000,0x0000000779000000)
  from space 4608K, 99% used [0x000000077be80000,0x000000077c2fb990,0x000000077c300000)
  to   space 7168K, 0% used [0x000000077b500000,0x000000077b500000,0x000000077bc00000)
 ParOldGen       total 89600K, used 6082K [0x00000006c2c00000, 0x00000006c8380000, 0x000000076b980000)
  object space 89600K, 6% used [0x00000006c2c00000,0x00000006c31f0b20,0x00000006c8380000)
 Metaspace       used 24306K, capacity 25970K, committed 26112K, reserved 1073152K
  class space    used 2929K, capacity 3246K, committed 3328K, reserved 1048576K
}
Event: 4.075 GC heap before
{Heap before GC invocations=8 (full 1):
 PSYoungGen      total 224256K, used 224238K [0x000000076b980000, 0x000000077c300000, 0x00000007c0000000)
  eden space 219648K, 100% used [0x000000076b980000,0x0000000779000000,0x0000000779000000)
  from space 4608K, 99% used [0x000000077be80000,0x000000077c2fb990,0x000000077c300000)
  to   space 7168K, 0% used [0x000000077b500000,0x000000077b500000,0x000000077bc00000)
 ParOldGen       total 89600K, used 6082K [0x00000006c2c00000, 0x00000006c8380000, 0x000000076b980000)
  object space 89600K, 6% used [0x00000006c2c00000,0x00000006c31f0b20,0x00000006c8380000)
 Metaspace       used 30216K, capacity 31922K, committed 32256K, reserved 1077248K
  class space    used 3639K, capacity 3970K, committed 4096K, reserved 1048576K
Event: 4.085 GC heap after
Heap after GC invocations=8 (full 1):
 PSYoungGen      total 226816K, used 7145K [0x000000076b980000, 0x000000077c300000, 0x00000007c0000000)
  eden space 219648K, 0% used [0x000000076b980000,0x000000076b980000,0x0000000779000000)
  from space 7168K, 99% used [0x000000077b500000,0x000000077bbfa6c0,0x000000077bc00000)
  to   space 4608K, 0% used [0x000000077be80000,0x000000077be80000,0x000000077c300000)
 ParOldGen       total 89600K, used 10373K [0x00000006c2c00000, 0x00000006c8380000, 0x000000076b980000)
  object space 89600K, 11% used [0x00000006c2c00000,0x00000006c3621470,0x00000006c8380000)
 Metaspace       used 30216K, capacity 31922K, committed 32256K, reserved 1077248K
  class space    used 3639K, capacity 3970K, committed 4096K, reserved 1048576K
}
Event: 4.667 GC heap before
{Heap before GC invocations=9 (full 1):
 PSYoungGen      total 226816K, used 221621K [0x000000076b980000, 0x000000077c300000, 0x00000007c0000000)
  eden space 219648K, 97% used [0x000000076b980000,0x0000000778af3108,0x0000000779000000)
  from space 7168K, 99% used [0x000000077b500000,0x000000077bbfa6c0,0x000000077bc00000)
  to   space 4608K, 0% used [0x000000077be80000,0x000000077be80000,0x000000077c300000)
 ParOldGen       total 89600K, used 10373K [0x00000006c2c00000, 0x00000006c8380000, 0x000000076b980000)
  object space 89600K, 11% used [0x00000006c2c00000,0x00000006c3621470,0x00000006c8380000)
 Metaspace       used 33496K, capacity 35312K, committed 35456K, reserved 1081344K
  class space    used 4033K, capacity 4411K, committed 4480K, reserved 1048576K
Event: 4.677 GC heap after
Heap after GC invocations=9 (full 1):
 PSYoungGen      total 224256K, used 4605K [0x000000076b980000, 0x000000077c300000, 0x00000007c0000000)
  eden space 219648K, 0% used [0x000000076b980000,0x000000076b980000,0x0000000779000000)
  from space 4608K, 99% used [0x000000077be80000,0x000000077c2ff470,0x000000077c300000)
  to   space 7168K, 0% used [0x000000077b500000,0x000000077b500000,0x000000077bc00000)
 ParOldGen       total 89600K, used 17437K [0x00000006c2c00000, 0x00000006c8380000, 0x000000076b980000)
  object space 89600K, 19% used [0x00000006c2c00000,0x00000006c3d07610,0x00000006c8380000)
 Metaspace       used 33496K, capacity 35312K, committed 35456K, reserved 1081344K
  class space    used 4033K, capacity 4411K, committed 4480K, reserved 1048576K
}
Event: 4.678 GC heap before
{Heap before GC invocations=10 (full 2):
 PSYoungGen      total 224256K, used 4605K [0x000000076b980000, 0x000000077c300000, 0x00000007c0000000)
  eden space 219648K, 0% used [0x000000076b980000,0x000000076b980000,0x0000000779000000)
  from space 4608K, 99% used [0x000000077be80000,0x000000077c2ff470,0x000000077c300000)
  to   space 7168K, 0% used [0x000000077b500000,0x000000077b500000,0x000000077bc00000)
 ParOldGen       total 89600K, used 17437K [0x00000006c2c00000, 0x00000006c8380000, 0x000000076b980000)
  object space 89600K, 19% used [0x00000006c2c00000,0x00000006c3d07610,0x00000006c8380000)
 Metaspace       used 33496K, capacity 35312K, committed 35456K, reserved 1081344K
  class space    used 4033K, capacity 4411K, committed 4480K, reserved 1048576K
Event: 4.723 GC heap after
Heap after GC invocations=10 (full 2):
 PSYoungGen      total 224256K, used 0K [0x000000076b980000, 0x000000077c300000, 0x00000007c0000000)
  eden space 219648K, 0% used [0x000000076b980000,0x000000076b980000,0x0000000779000000)
  from space 4608K, 0% used [0x000000077be80000,0x000000077be80000,0x000000077c300000)
  to   space 7168K, 0% used [0x000000077b500000,0x000000077b500000,0x000000077bc00000)
 ParOldGen       total 89600K, used 16474K [0x00000006c2c00000, 0x00000006c8380000, 0x000000076b980000)
  object space 89600K, 18% used [0x00000006c2c00000,0x00000006c3c16b60,0x00000006c8380000)
 Metaspace       used 33496K, capacity 35312K, committed 35456K, reserved 1081344K
  class space    used 4033K, capacity 4411K, committed 4480K, reserved 1048576K
}

